빌드 시작: 2016-12-08 오전 9:49:15
     1>2 노드의 "C:\Users\502-00\Desktop\영상처리\2반\JTHImagePro\JTHImagePro\JTHImagePro.vcxproj" 프로젝트(build 대상)입니다.
     1>InitializeBuildStatus:
         "AlwaysCreate"이(가) 지정되었기 때문에 "Debug\JTHImagePro.unsuccessfulbuild"을(를) 만들고 있습니다.
       ClCompile:
         모든 출력이 최신 상태입니다.
         C:\Program Files\Microsoft Visual Studio 10.0\VC\bin\CL.exe /c /ZI /nologo /W3 /WX- /Od /Oy- /D WIN32 /D _WINDOWS /D _DEBUG /D _MBCS /D _AFXDLL /Gm /EHsc /RTC1 /MDd /GS /fp:precise /Zc:wchar_t /Zc:forScope /Yu"StdAfx.h" /Fp"Debug\JTHImagePro.pch" /Fo"Debug\\" /Fd"Debug\vc100.pdb" /Gd /TP /analyze- /errorReport:prompt JTHImageProDoc.cpp
         JTHImageProDoc.cpp
     1>c:\users\502-00\desktop\영상처리\2반\jthimagepro\jthimagepro\jthimageprodoc.cpp(452): warning C4244: '=' : 'long double'에서 'int'(으)로 변환하면서 데이터가 손실될 수 있습니다.
     1>c:\users\502-00\desktop\영상처리\2반\jthimagepro\jthimagepro\jthimageprodoc.cpp(724): warning C4305: '=' : 'double'에서 'float'(으)로 잘립니다.
     1>c:\users\502-00\desktop\영상처리\2반\jthimagepro\jthimagepro\jthimageprodoc.cpp(960): warning C4244: '=' : 'double'에서 'int'(으)로 변환하면서 데이터가 손실될 수 있습니다.
     1>c:\users\502-00\desktop\영상처리\2반\jthimagepro\jthimagepro\jthimageprodoc.cpp(961): warning C4244: '=' : 'double'에서 'int'(으)로 변환하면서 데이터가 손실될 수 있습니다.
     1>c:\users\502-00\desktop\영상처리\2반\jthimagepro\jthimagepro\jthimageprodoc.cpp(962): warning C4244: '=' : 'double'에서 'int'(으)로 변환하면서 데이터가 손실될 수 있습니다.
     1>c:\users\502-00\desktop\영상처리\2반\jthimagepro\jthimagepro\jthimageprodoc.cpp(963): warning C4244: '=' : 'double'에서 'int'(으)로 변환하면서 데이터가 손실될 수 있습니다.
       ResourceCompile:
         모든 출력이 최신 상태입니다.
       ManifestResourceCompile:
         모든 출력이 최신 상태입니다.
       Link:
         C:\Program Files\Microsoft Visual Studio 10.0\VC\bin\link.exe /ERRORREPORT:PROMPT /OUT:"C:\Users\502-00\Desktop\영상처리\2반\JTHImagePro\Debug\JTHImagePro.exe" /INCREMENTAL /NOLOGO /MANIFEST /ManifestFile:"Debug\JTHImagePro.exe.intermediate.manifest" /MANIFESTUAC:"level='asInvoker' uiAccess='false'" /DEBUG /PDB:"C:\Users\502-00\Desktop\영상처리\2반\JTHImagePro\Debug\JTHImagePro.pdb" /SUBSYSTEM:WINDOWS /TLBID:1 /DYNAMICBASE /NXCOMPAT /IMPLIB:"C:\Users\502-00\Desktop\영상처리\2반\JTHImagePro\Debug\JTHImagePro.lib" /MACHINE:X86 Debug\JTHImagePro.res
         Debug\JTHImagePro.exe.embed.manifest.res
         Debug\ChildFrm.obj
         Debug\JTHImagePro.obj
         Debug\JTHImageProDoc.obj
         Debug\JTHImageProView.obj
         Debug\MainFrm.obj
         Debug\stdafx.obj
       Manifest:
         C:\Program Files\Microsoft SDKs\Windows\v7.0A\bin\mt.exe /nologo /verbose /out:"Debug\JTHImagePro.exe.embed.manifest" /manifest Debug\JTHImagePro.exe.intermediate.manifest "C:\Program Files\Microsoft Visual Studio 10.0\VC\Include\Manifest\dpiaware.manifest"
         모든 출력이 최신 상태입니다.
       LinkEmbedManifest:
         모든 출력이 최신 상태입니다.
         JTHImagePro.vcxproj -> C:\Users\502-00\Desktop\영상처리\2반\JTHImagePro\Debug\JTHImagePro.exe
       FinalizeBuildStatus:
         "Debug\JTHImagePro.unsuccessfulbuild" 파일을 삭제하고 있습니다.
         "Debug\JTHImagePro.lastbuildstate"에 연결(touching)하고 있습니다.
     1>"C:\Users\502-00\Desktop\영상처리\2반\JTHImagePro\JTHImagePro\JTHImagePro.vcxproj" 프로젝트를 빌드했습니다(build 대상).

빌드했습니다.

경과 시간: 00:00:07.80
