C:\USERS\502-00\DESKTOP\영상처리\2반\JTHIMAGEPRO\DEBUG\JTHIMAGEPRO.EXE
C:\USERS\502-00\DESKTOP\영상처리\2반\JTHIMAGEPRO\DEBUG\JTHIMAGEPRO.ILK
C:\USERS\502-00\DESKTOP\영상처리\2반\JTHIMAGEPRO\DEBUG\JTHIMAGEPRO.PDB
C:\USERS\502-00\DESKTOP\영상처리\2반\JTHIMAGEPRO\JTHIMAGEPRO\DEBUG\CHILDFRM.OBJ
C:\Users\502-00\Desktop\영상처리\2반\JTHImagePro\JTHImagePro\Debug\cl.command.1.tlog
C:\Users\502-00\Desktop\영상처리\2반\JTHImagePro\JTHImagePro\Debug\CL.read.1.tlog
C:\Users\502-00\Desktop\영상처리\2반\JTHImagePro\JTHImagePro\Debug\CL.write.1.tlog
C:\Users\502-00\Desktop\영상처리\2반\JTHImagePro\JTHImagePro\Debug\JTHImagePro.exe.embed.manifest
C:\USERS\502-00\DESKTOP\영상처리\2반\JTHIMAGEPRO\JTHIMAGEPRO\DEBUG\JTHIMAGEPRO.EXE.EMBED.MANIFEST.RES
C:\USERS\502-00\DESKTOP\영상처리\2반\JTHIMAGEPRO\JTHIMAGEPRO\DEBUG\JTHIMAGEPRO.EXE.INTERMEDIATE.MANIFEST
C:\USERS\502-00\DESKTOP\영상처리\2반\JTHIMAGEPRO\JTHIMAGEPRO\DEBUG\JTHIMAGEPRO.OBJ
C:\USERS\502-00\DESKTOP\영상처리\2반\JTHIMAGEPRO\JTHIMAGEPRO\DEBUG\JTHIMAGEPRO.PCH
C:\USERS\502-00\DESKTOP\영상처리\2반\JTHIMAGEPRO\JTHIMAGEPRO\DEBUG\JTHIMAGEPRO.RES
C:\Users\502-00\Desktop\영상처리\2반\JTHImagePro\JTHImagePro\Debug\JTHImagePro.vcxprojResolveAssemblyReference.cache
C:\Users\502-00\Desktop\영상처리\2반\JTHImagePro\JTHImagePro\Debug\JTHImagePro.write.1.tlog
C:\Users\502-00\Desktop\영상처리\2반\JTHImagePro\JTHImagePro\Debug\JTHImagePro_manifest.rc
C:\USERS\502-00\DESKTOP\영상처리\2반\JTHIMAGEPRO\JTHIMAGEPRO\DEBUG\JTHIMAGEPROVIEW.OBJ
C:\Users\502-00\Desktop\영상처리\2반\JTHImagePro\JTHImagePro\Debug\link.1048.read.1.tlog
C:\Users\502-00\Desktop\영상처리\2반\JTHImagePro\JTHImagePro\Debug\link.1048.write.1.tlog
C:\Users\502-00\Desktop\영상처리\2반\JTHImagePro\JTHImagePro\Debug\link.1048-cvtres.read.1.tlog
C:\Users\502-00\Desktop\영상처리\2반\JTHImagePro\JTHImagePro\Debug\link.1048-cvtres.write.1.tlog
C:\Users\502-00\Desktop\영상처리\2반\JTHImagePro\JTHImagePro\Debug\link.4216.read.1.tlog
C:\Users\502-00\Desktop\영상처리\2반\JTHImagePro\JTHImagePro\Debug\link.4216.write.1.tlog
C:\Users\502-00\Desktop\영상처리\2반\JTHImagePro\JTHImagePro\Debug\link.4216-cvtres.read.1.tlog
C:\Users\502-00\Desktop\영상처리\2반\JTHImagePro\JTHImagePro\Debug\link.4216-cvtres.write.1.tlog
C:\Users\502-00\Desktop\영상처리\2반\JTHImagePro\JTHImagePro\Debug\link.5272.read.1.tlog
C:\Users\502-00\Desktop\영상처리\2반\JTHImagePro\JTHImagePro\Debug\link.5272.write.1.tlog
C:\Users\502-00\Desktop\영상처리\2반\JTHImagePro\JTHImagePro\Debug\link.5272-cvtres.read.1.tlog
C:\Users\502-00\Desktop\영상처리\2반\JTHImagePro\JTHImagePro\Debug\link.5272-cvtres.write.1.tlog
C:\Users\502-00\Desktop\영상처리\2반\JTHImagePro\JTHImagePro\Debug\link.command.1.tlog
C:\Users\502-00\Desktop\영상처리\2반\JTHImagePro\JTHImagePro\Debug\link.read.1.tlog
C:\Users\502-00\Desktop\영상처리\2반\JTHImagePro\JTHImagePro\Debug\link.write.1.tlog
C:\Users\502-00\Desktop\영상처리\2반\JTHImagePro\JTHImagePro\Debug\link-cvtres.read.1.tlog
C:\Users\502-00\Desktop\영상처리\2반\JTHImagePro\JTHImagePro\Debug\link-cvtres.write.1.tlog
C:\USERS\502-00\DESKTOP\영상처리\2반\JTHIMAGEPRO\JTHIMAGEPRO\DEBUG\MAINFRM.OBJ
C:\Users\502-00\Desktop\영상처리\2반\JTHImagePro\JTHImagePro\Debug\mt.command.1.tlog
C:\Users\502-00\Desktop\영상처리\2반\JTHImagePro\JTHImagePro\Debug\mt.read.1.tlog
C:\Users\502-00\Desktop\영상처리\2반\JTHImagePro\JTHImagePro\Debug\mt.write.1.tlog
C:\Users\502-00\Desktop\영상처리\2반\JTHImagePro\JTHImagePro\Debug\rc.command.1.tlog
C:\Users\502-00\Desktop\영상처리\2반\JTHImagePro\JTHImagePro\Debug\rc.read.1.tlog
C:\Users\502-00\Desktop\영상처리\2반\JTHImagePro\JTHImagePro\Debug\rc.write.1.tlog
C:\USERS\502-00\DESKTOP\영상처리\2반\JTHIMAGEPRO\JTHIMAGEPRO\DEBUG\STDAFX.OBJ
C:\Users\502-00\Desktop\영상처리\2반\JTHImagePro\JTHImagePro\Debug\vc100.idb
C:\USERS\502-00\DESKTOP\영상처리\2반\JTHIMAGEPRO\JTHIMAGEPRO\DEBUG\VC100.PDB
F:\2반\JTHIMAGEPRO\DEBUG\JTHIMAGEPRO.EXE
F:\2반\JTHIMAGEPRO\DEBUG\JTHIMAGEPRO.ILK
F:\2반\JTHIMAGEPRO\DEBUG\JTHIMAGEPRO.PDB
F:\2반\JTHIMAGEPRO\JTHIMAGEPRO\DEBUG\CHILDFRM.OBJ
F:\2반\JTHIMAGEPRO\JTHIMAGEPRO\DEBUG\JTHIMAGEPRO.EXE.EMBED.MANIFEST
F:\2반\JTHIMAGEPRO\JTHIMAGEPRO\DEBUG\JTHIMAGEPRO.EXE.EMBED.MANIFEST.RES
F:\2반\JTHIMAGEPRO\JTHIMAGEPRO\DEBUG\JTHIMAGEPRO.EXE.INTERMEDIATE.MANIFEST
F:\2반\JTHIMAGEPRO\JTHIMAGEPRO\DEBUG\JTHIMAGEPRO.OBJ
F:\2반\JTHIMAGEPRO\JTHIMAGEPRO\DEBUG\JTHIMAGEPRO.PCH
F:\2반\JTHIMAGEPRO\JTHIMAGEPRO\DEBUG\JTHIMAGEPRO.RES
F:\2반\JTHIMAGEPRO\JTHIMAGEPRO\DEBUG\JTHIMAGEPRODOC.OBJ
F:\2반\JTHIMAGEPRO\JTHIMAGEPRO\DEBUG\JTHIMAGEPROVIEW.OBJ
F:\2반\JTHIMAGEPRO\JTHIMAGEPRO\DEBUG\MAINFRM.OBJ
F:\2반\JTHIMAGEPRO\JTHIMAGEPRO\DEBUG\STDAFX.OBJ
F:\2반\JTHIMAGEPRO\JTHIMAGEPRO\DEBUG\VC100.PDB
