빌드 시작: 2016-09-19 오후 3:53:10
     1>2 노드의 "C:\Users\502-00\Desktop\영상처리\2반\Hello\Hello\Hello.vcxproj" 프로젝트(build 대상)입니다.
     1>PrepareForBuild:
         "C:\Users\502-00\Desktop\영상처리\2반\Hello\Debug\" 디렉터리를 만들고 있습니다.
       InitializeBuildStatus:
         "AlwaysCreate"이(가) 지정되었기 때문에 "Debug\Hello.unsuccessfulbuild"을(를) 만들고 있습니다.
       ClCompile:
         C:\Program Files\Microsoft Visual Studio 10.0\VC\bin\CL.exe /c /ZI /nologo /W3 /WX- /Od /Oy- /D WIN32 /D _WINDOWS /D _DEBUG /D _MBCS /D _AFXDLL /Gm /EHsc /RTC1 /MDd /GS /fp:precise /Zc:wchar_t /Zc:forScope /Yc"StdAfx.h" /Fp"Debug\Hello.pch" /Fo"Debug\\" /Fd"Debug\vc100.pdb" /Gd /TP /analyze- /errorReport:prompt stdafx.cpp
         stdafx.cpp
         C:\Program Files\Microsoft Visual Studio 10.0\VC\bin\CL.exe /c /ZI /nologo /W3 /WX- /Od /Oy- /D WIN32 /D _WINDOWS /D _DEBUG /D _MBCS /D _AFXDLL /Gm /EHsc /RTC1 /MDd /GS /fp:precise /Zc:wchar_t /Zc:forScope /Yu"StdAfx.h" /Fp"Debug\Hello.pch" /Fo"Debug\\" /Fd"Debug\vc100.pdb" /Gd /TP /analyze- /errorReport:prompt ChildFrm.cpp Hello.cpp HelloDoc.cpp HelloView.cpp MainFrm.cpp
         MainFrm.cpp
         HelloView.cpp
         HelloDoc.cpp
         Hello.cpp
         ChildFrm.cpp
         코드를 생성하고 있습니다...
       ResourceCompile:
         C:\Program Files\Microsoft SDKs\Windows\v7.0A\bin\rc.exe /D _DEBUG /D _AFXDLL /l"0x0412" /IDebug\ /nologo /fo"Debug\Hello.res" Hello.rc 
       ManifestResourceCompile:
         C:\Program Files\Microsoft SDKs\Windows\v7.0A\bin\rc.exe /nologo /fo"Debug\Hello.exe.embed.manifest.res" Debug\Hello_manifest.rc 
       Link:
         C:\Program Files\Microsoft Visual Studio 10.0\VC\bin\link.exe /ERRORREPORT:PROMPT /OUT:"C:\Users\502-00\Desktop\영상처리\2반\Hello\Debug\Hello.exe" /INCREMENTAL /NOLOGO /MANIFEST /ManifestFile:"Debug\Hello.exe.intermediate.manifest" /MANIFESTUAC:"level='asInvoker' uiAccess='false'" /DEBUG /PDB:"C:\Users\502-00\Desktop\영상처리\2반\Hello\Debug\Hello.pdb" /SUBSYSTEM:WINDOWS /TLBID:1 /DYNAMICBASE /NXCOMPAT /IMPLIB:"C:\Users\502-00\Desktop\영상처리\2반\Hello\Debug\Hello.lib" /MACHINE:X86 Debug\Hello.res
         Debug\Hello.exe.embed.manifest.res
         Debug\ChildFrm.obj
         Debug\Hello.obj
         Debug\HelloDoc.obj
         Debug\HelloView.obj
         Debug\MainFrm.obj
         Debug\stdafx.obj
       Manifest:
         C:\Program Files\Microsoft SDKs\Windows\v7.0A\bin\mt.exe /nologo /verbose /out:"Debug\Hello.exe.embed.manifest" /manifest Debug\Hello.exe.intermediate.manifest "C:\Program Files\Microsoft Visual Studio 10.0\VC\Include\Manifest\dpiaware.manifest"
         C:\Program Files\Microsoft SDKs\Windows\v7.0A\bin\rc.exe /nologo /fo"Debug\Hello.exe.embed.manifest.res" Debug\Hello_manifest.rc 
       LinkEmbedManifest:
         C:\Program Files\Microsoft Visual Studio 10.0\VC\bin\link.exe /ERRORREPORT:PROMPT /OUT:"C:\Users\502-00\Desktop\영상처리\2반\Hello\Debug\Hello.exe" /INCREMENTAL /NOLOGO /MANIFEST /ManifestFile:"Debug\Hello.exe.intermediate.manifest" /MANIFESTUAC:"level='asInvoker' uiAccess='false'" /DEBUG /PDB:"C:\Users\502-00\Desktop\영상처리\2반\Hello\Debug\Hello.pdb" /SUBSYSTEM:WINDOWS /TLBID:1 /DYNAMICBASE /NXCOMPAT /IMPLIB:"C:\Users\502-00\Desktop\영상처리\2반\Hello\Debug\Hello.lib" /MACHINE:X86 Debug\Hello.res
         Debug\Hello.exe.embed.manifest.res
         Debug\ChildFrm.obj
         Debug\Hello.obj
         Debug\HelloDoc.obj
         Debug\HelloView.obj
         Debug\MainFrm.obj
         Debug\stdafx.obj
         Hello.vcxproj -> C:\Users\502-00\Desktop\영상처리\2반\Hello\Debug\Hello.exe
       FinalizeBuildStatus:
         "Debug\Hello.unsuccessfulbuild" 파일을 삭제하고 있습니다.
         "Debug\Hello.lastbuildstate"에 연결(touching)하고 있습니다.
     1>"C:\Users\502-00\Desktop\영상처리\2반\Hello\Hello\Hello.vcxproj" 프로젝트를 빌드했습니다(build 대상).

빌드했습니다.

경과 시간: 00:00:08.12
